<?xml version="1.0" encoding="UTF-8"?>
<testng-results skipped="0" failed="0" total="1" passed="1">
  <reporter-output>
  </reporter-output>
  <suite name="Command line suite" duration-ms="8" started-at="2018-10-15T09:48:15Z" finished-at="2018-10-15T09:48:15Z">
    <groups>
    </groups>
    <test name="Command line test" duration-ms="8" started-at="2018-10-15T09:48:15Z" finished-at="2018-10-15T09:48:15Z">
      <class name="JelenaTesting.Testing.AppTest">
        <test-method status="PASS" signature="testApp()[pri:0, instance:testApp(JelenaTesting.Testing.AppTest)]" name="testApp" duration-ms="0" started-at="2018-10-15T11:48:15Z" finished-at="2018-10-15T11:48:15Z">
          <reporter-output>
          </reporter-output>
        </test-method> <!-- testApp -->
      </class> <!-- JelenaTesting.Testing.AppTest -->
    </test> <!-- Command line test -->
  </suite> <!-- Command line suite -->
</testng-results>
