<?xml version="1.0" encoding="UTF-8"?>
<!-- Generated by org.testng.reporters.JUnitXMLReporter -->
<testsuite hostname="jkosturanova" name="Default test" tests="5" failures="0" timestamp="20 Aug 2020 14:59:12 GMT" time="54.903" errors="0">
  <testcase name="" time="9.949" classname="JelenaTesting.Testing.Tests"/>
  <testcase name="" time="5.748" classname="JelenaTesting.Testing.Tests"/>
  <testcase name="" time="6.228" classname="JelenaTesting.Testing.Tests"/>
  <testcase name="" time="19.246" classname="JelenaTesting.Testing.Tests"/>
  <testcase name="" time="13.7" classname="JelenaTesting.Testing.Tests"/>
</testsuite> <!-- Default test -->
