<?xml version="1.0" encoding="UTF-8"?>
<!-- Generated by org.testng.reporters.JUnitXMLReporter -->
<testsuite hostname="jkosturanova" name="Command line test" tests="1" failures="1" timestamp="15 Oct 2018 09:48:13 GMT" time="0.449" errors="0">
  <testcase name="" time="0.432" classname="JelenaTesting.Testing.Tests">
    <failure type="org.openqa.selenium.WebDriverException" message="Element &amp;lt;input type=&amp;quot;button&amp;quot;&amp;gt; is not clickable at point (625,477.8999938964844) because another element &amp;lt;div class=&amp;quot;blockUI blockOverlay&amp;quot;&amp;gt; obscures it
Build info: version: &amp;apos;3.4.0&amp;apos;, revision: &amp;apos;unknown&amp;apos;, time: &amp;apos;unknown&amp;apos;
System info: host: &amp;apos;JKOSTURANOVA&amp;apos;, ip: &amp;apos;192.168.249.75&amp;apos;, os.name: &amp;apos;Windows 10&amp;apos;, os.arch: &amp;apos;amd64&amp;apos;, os.version: &amp;apos;10.0&amp;apos;, java.version: &amp;apos;1.8.0_181&amp;apos;
Driver info: org.openqa.selenium.firefox.FirefoxDriver
Capabilities [{moz:profile=C:\Users\Jelena\AppData\Local\Temp\rust_mozprofile.REz1eGhQkb4I, rotatable=false, moz:geckodriverVersion=0.23.0, timeouts={implicit=0.0, pageLoad=300000.0, script=30000.0}, pageLoadStrategy=normal, moz:headless=false, platform=ANY, moz:accessibilityChecks=false, moz:useNonSpecCompliantPointerOrigin=false, acceptInsecureCerts=false, browserVersion=62.0.3, platformVersion=10.0, moz:processID=4660.0, browserName=firefox, javascriptEnabled=true, platformName=windows_nt, moz:webdriverClick=true}]
Session ID: 4e6ca571-9c7c-467a-94a2-d20182cfb3e2">
      <![CDATA[org.openqa.selenium.WebDriverException: Element <input type="button"> is not clickable at point (625,477.8999938964844) because another element <div class="blockUI blockOverlay"> obscures it
Build info: version: '3.4.0', revision: 'unknown', time: 'unknown'
System info: host: 'JKOSTURANOVA', ip: '192.168.249.75', os.name: 'Windows 10', os.arch: 'amd64', os.version: '10.0', java.version: '1.8.0_181'
Driver info: org.openqa.selenium.firefox.FirefoxDriver
Capabilities [{moz:profile=C:\Users\Jelena\AppData\Local\Temp\rust_mozprofile.REz1eGhQkb4I, rotatable=false, moz:geckodriverVersion=0.23.0, timeouts={implicit=0.0, pageLoad=300000.0, script=30000.0}, pageLoadStrategy=normal, moz:headless=false, platform=ANY, moz:accessibilityChecks=false, moz:useNonSpecCompliantPointerOrigin=false, acceptInsecureCerts=false, browserVersion=62.0.3, platformVersion=10.0, moz:processID=4660.0, browserName=firefox, javascriptEnabled=true, platformName=windows_nt, moz:webdriverClick=true}]
Session ID: 4e6ca571-9c7c-467a-94a2-d20182cfb3e2
	at org.openqa.selenium.remote.http.W3CHttpResponseCodec.createException(W3CHttpResponseCodec.java:150)
	at org.openqa.selenium.remote.http.W3CHttpResponseCodec.decode(W3CHttpResponseCodec.java:115)
	at org.openqa.selenium.remote.http.W3CHttpResponseCodec.decode(W3CHttpResponseCodec.java:45)
	at org.openqa.selenium.remote.HttpCommandExecutor.execute(HttpCommandExecutor.java:164)
	at org.openqa.selenium.remote.service.DriverCommandExecutor.execute(DriverCommandExecutor.java:82)
	at org.openqa.selenium.remote.RemoteWebDriver.execute(RemoteWebDriver.java:637)
	at org.openqa.selenium.remote.RemoteWebElement.execute(RemoteWebElement.java:272)
	at org.openqa.selenium.remote.RemoteWebElement.click(RemoteWebElement.java:82)
	at JelenaTesting.Testing.Tests.login5(Tests.java:82)
... Removed 38 stack frames]]>
    </failure>
  </testcase> <!--  -->
</testsuite> <!-- Command line test -->
