<?xml version="1.0" encoding="UTF-8" ?>
<testsuite tests="2" failures="1" name="TestSuite" time="2.547" errors="0" skipped="0">
  <properties>
[...]
</properties>
  <testcase classname="JelenaTesting.Testing.Tests" name="(JelenaTesting.Testing.Tests)" time="0.449">
    <failure message="Element &lt;input type=&quot;button&quot;&gt; is not clickable at point (625,477.8999938964844) because another element &lt;div class=&quot;blockUI blockOverlay&quot;&gt; obscures it
Build info: version: &apos;3.4.0&apos;, revision: &apos;unknown&apos;, time: &apos;unknown&apos;
System info: host: &apos;JKOSTURANOVA&apos;, ip: &apos;192.168.249.75&apos;, os.name: &apos;Windows 10&apos;, os.arch: &apos;amd64&apos;, os.version: &apos;10.0&apos;, java.version: &apos;1.8.0_181&apos;
Driver info: org.openqa.selenium.firefox.FirefoxDriver
Capabilities [{moz:profile=C:\Users\Jelena\AppData\Local\Temp\rust_mozprofile.REz1eGhQkb4I, rotatable=false, moz:geckodriverVersion=0.23.0, timeouts={implicit=0.0, pageLoad=300000.0, script=30000.0}, pageLoadStrategy=normal, moz:headless=false, platform=ANY, moz:accessibilityChecks=false, moz:useNonSpecCompliantPointerOrigin=false, acceptInsecureCerts=false, browserVersion=62.0.3, platformVersion=10.0, moz:processID=4660.0, browserName=firefox, javascriptEnabled=true, platformName=windows_nt, moz:webdriverClick=true}]
Session ID: 4e6ca571-9c7c-467a-94a2-d20182cfb3e2" type="org.openqa.selenium.WebDriverException">org.openqa.selenium.WebDriverException: Element &lt;input type=&quot;button&quot;&gt; is not clickable at point (625,477.8999938964844) because another element &lt;div class=&quot;blockUI blockOverlay&quot;&gt; obscures it
Build info: version: &apos;3.4.0&apos;, revision: &apos;unknown&apos;, time: &apos;unknown&apos;
System info: host: &apos;JKOSTURANOVA&apos;, ip: &apos;192.168.249.75&apos;, os.name: &apos;Windows 10&apos;, os.arch: &apos;amd64&apos;, os.version: &apos;10.0&apos;, java.version: &apos;1.8.0_181&apos;
Driver info: org.openqa.selenium.firefox.FirefoxDriver
Capabilities [{moz:profile=C:\Users\Jelena\AppData\Local\Temp\rust_mozprofile.REz1eGhQkb4I, rotatable=false, moz:geckodriverVersion=0.23.0, timeouts={implicit=0.0, pageLoad=300000.0, script=30000.0}, pageLoadStrategy=normal, moz:headless=false, platform=ANY, moz:accessibilityChecks=false, moz:useNonSpecCompliantPointerOrigin=false, acceptInsecureCerts=false, browserVersion=62.0.3, platformVersion=10.0, moz:processID=4660.0, browserName=firefox, javascriptEnabled=true, platformName=windows_nt, moz:webdriverClick=true}]
Session ID: 4e6ca571-9c7c-467a-94a2-d20182cfb3e2
	at sun.reflect.NativeConstructorAccessorImpl.newInstance0(Native Method)
	at sun.reflect.NativeConstructorAccessorImpl.newInstance(NativeConstructorAccessorImpl.java:62)
	at sun.reflect.DelegatingConstructorAccessorImpl.newInstance(DelegatingConstructorAccessorImpl.java:45)
	at java.lang.reflect.Constructor.newInstance(Constructor.java:423)
	at org.openqa.selenium.remote.http.W3CHttpResponseCodec.createException(W3CHttpResponseCodec.java:150)
	at org.openqa.selenium.remote.http.W3CHttpResponseCodec.decode(W3CHttpResponseCodec.java:115)
	at org.openqa.selenium.remote.http.W3CHttpResponseCodec.decode(W3CHttpResponseCodec.java:45)
	at org.openqa.selenium.remote.HttpCommandExecutor.execute(HttpCommandExecutor.java:164)
	at org.openqa.selenium.remote.service.DriverCommandExecutor.execute(DriverCommandExecutor.java:82)
	at org.openqa.selenium.remote.RemoteWebDriver.execute(RemoteWebDriver.java:637)
	at org.openqa.selenium.remote.RemoteWebElement.execute(RemoteWebElement.java:272)
	at org.openqa.selenium.remote.RemoteWebElement.click(RemoteWebElement.java:82)
	at JelenaTesting.Testing.Tests.login5(Tests.java:82)
</failure>
    <system-out>Configuring TestNG with: org.apache.maven.surefire.testng.conf.TestNG652Configurator@48cf768c
</system-out>
    <system-err>1539596886986	mozrunner::runner	INFO	Running command: &quot;C:\\Program Files\\Mozilla Firefox\\firefox.exe&quot; &quot;-marionette&quot; &quot;-foreground&quot; &quot;-no-remote&quot; &quot;-profile&quot; &quot;C:\\Users\\Jelena\\AppData\\Local\\Temp\\rust_mozprofile.REz1eGhQkb4I&quot;
1539596889516	Marionette	INFO	Listening on port 60849
1539596889767	Marionette	DEBUG	[6442450945] Frame script loaded
1539596889771	Marionette	DEBUG	[6442450945] Frame script registered
Oct 15, 2018 11:48:09 AM org.openqa.selenium.remote.ProtocolHandshake createSession
INFO: Detected dialect: W3C
1539596890002	Marionette	DEBUG	[6442450945] Received DOM event beforeunload for about:blank
1539596891120	Marionette	DEBUG	[6442450945] Received DOM event pagehide for about:blank
1539596892477	Marionette	DEBUG	[6442450945] Received DOM event DOMContentLoaded for https://web.sterlingtrader.com/PTS/LogOn?ReturnUrl=%2f
1539596893192	Marionette	DEBUG	[6442450945] Received DOM event pageshow for https://web.sterlingtrader.com/PTS/LogOn?ReturnUrl=%2f
1539596893590	Marionette	DEBUG	[6442450945] Canceled page load listener because no navigation has been detected
</system-err>
  </testcase>
  <testcase classname="JelenaTesting.Testing.AppTest" name="testApp on testApp(JelenaTesting.Testing.AppTest)" time="2.098"/>
</testsuite>